{"contracts\\Lock.sol":{"l":{"14":0,"19":0,"20":0,"27":0,"28":0,"30":0,"32":0},"path":"C:\\Users\\kaustubh\\Desktop\\v3\\contracts\\Lock.sol","s":{"1":0,"2":0,"3":0,"4":0,"5":0},"b":{"1":[0,0],"2":[0,0],"3":[0,0]},"f":{"1":0,"2":0},"fnMap":{"1":{"name":"constructor","line":13,"loc":{"start":{"line":13,"column":4},"end":{"line":21,"column":4}}},"2":{"name":"withdraw","line":23,"loc":{"start":{"line":23,"column":4},"end":{"line":33,"column":4}}}},"statementMap":{"1":{"start":{"line":14,"column":8},"end":{"line":14,"column":327}},"2":{"start":{"line":27,"column":8},"end":{"line":27,"column":71}},"3":{"start":{"line":28,"column":8},"end":{"line":28,"column":59}},"4":{"start":{"line":30,"column":8},"end":{"line":30,"column":63}},"5":{"start":{"line":32,"column":8},"end":{"line":32,"column":44}}},"branchMap":{"1":{"line":14,"type":"if","locations":[{"start":{"line":14,"column":8},"end":{"line":14,"column":8}},{"start":{"line":14,"column":8},"end":{"line":14,"column":8}}]},"2":{"line":27,"type":"if","locations":[{"start":{"line":27,"column":8},"end":{"line":27,"column":8}},{"start":{"line":27,"column":8},"end":{"line":27,"column":8}}]},"3":{"line":28,"type":"if","locations":[{"start":{"line":28,"column":8},"end":{"line":28,"column":8}},{"start":{"line":28,"column":8},"end":{"line":28,"column":8}}]}}},"contracts\\NFT.sol":{"l":{"12":6},"path":"C:\\Users\\kaustubh\\Desktop\\v3\\contracts\\NFT.sol","s":{"1":6},"b":{},"f":{"1":18,"2":6},"fnMap":{"1":{"name":"constructor","line":8,"loc":{"start":{"line":8,"column":4},"end":{"line":9,"column":4}}},"2":{"name":"mint","line":11,"loc":{"start":{"line":11,"column":4},"end":{"line":13,"column":4}}}},"statementMap":{"1":{"start":{"line":12,"column":8},"end":{"line":12,"column":34}}},"branchMap":{}},"contracts\\NFTDutchAuction_ERC20Bids.sol":{"l":{"28":18,"29":18,"30":18,"31":18,"32":18,"33":18,"34":18,"35":18,"37":18,"39":18,"40":18,"42":18,"43":18,"44":18,"50":6,"52":5,"54":4,"56":4,"59":3,"61":3,"62":3,"63":3,"64":3,"67":3,"73":3,"74":3,"78":3},"path":"C:\\Users\\kaustubh\\Desktop\\v3\\contracts\\NFTDutchAuction_ERC20Bids.sol","s":{"1":18,"2":18,"3":18,"4":6,"5":5,"6":4,"7":4,"8":3,"9":3,"10":3,"11":3,"12":3,"13":3,"14":3},"b":{"1":[18,0],"2":[18,0],"3":[18,0],"4":[5,1],"5":[4,1],"6":[4,0],"7":[3,1],"8":[3,0]},"f":{"1":18,"2":6,"3":9,"4":3,"5":3},"fnMap":{"1":{"name":"constructor","line":26,"loc":{"start":{"line":26,"column":4},"end":{"line":46,"column":4}}},"2":{"name":"bid","line":48,"loc":{"start":{"line":48,"column":4},"end":{"line":68,"column":4}}},"3":{"name":"nop","line":70,"loc":{"start":{"line":70,"column":4},"end":{"line":70,"column":29}}},"4":{"name":"_transfer","line":72,"loc":{"start":{"line":72,"column":4},"end":{"line":75,"column":4}}},"5":{"name":"_transferNFT","line":77,"loc":{"start":{"line":77,"column":4},"end":{"line":79,"column":4}}}},"statementMap":{"1":{"start":{"line":28,"column":8},"end":{"line":28,"column":33}},"2":{"start":{"line":30,"column":8},"end":{"line":30,"column":41}},"3":{"start":{"line":33,"column":8},"end":{"line":33,"column":40}},"4":{"start":{"line":50,"column":8},"end":{"line":50,"column":106}},"5":{"start":{"line":52,"column":8},"end":{"line":52,"column":88}},"6":{"start":{"line":54,"column":8},"end":{"line":54,"column":47}},"7":{"start":{"line":56,"column":8},"end":{"line":56,"column":1909}},"8":{"start":{"line":59,"column":8},"end":{"line":59,"column":39}},"9":{"start":{"line":63,"column":8},"end":{"line":63,"column":31}},"10":{"start":{"line":64,"column":8},"end":{"line":64,"column":51}},"11":{"start":{"line":67,"column":8},"end":{"line":67,"column":25}},"12":{"start":{"line":73,"column":8},"end":{"line":73,"column":60}},"13":{"start":{"line":74,"column":8},"end":{"line":74,"column":61}},"14":{"start":{"line":78,"column":8},"end":{"line":78,"column":80}}},"branchMap":{"1":{"line":28,"type":"if","locations":[{"start":{"line":28,"column":8},"end":{"line":28,"column":8}},{"start":{"line":28,"column":8},"end":{"line":28,"column":8}}]},"2":{"line":30,"type":"if","locations":[{"start":{"line":30,"column":8},"end":{"line":30,"column":8}},{"start":{"line":30,"column":8},"end":{"line":30,"column":8}}]},"3":{"line":33,"type":"if","locations":[{"start":{"line":33,"column":8},"end":{"line":33,"column":8}},{"start":{"line":33,"column":8},"end":{"line":33,"column":8}}]},"4":{"line":50,"type":"if","locations":[{"start":{"line":50,"column":8},"end":{"line":50,"column":8}},{"start":{"line":50,"column":8},"end":{"line":50,"column":8}}]},"5":{"line":52,"type":"if","locations":[{"start":{"line":52,"column":8},"end":{"line":52,"column":8}},{"start":{"line":52,"column":8},"end":{"line":52,"column":8}}]},"6":{"line":54,"type":"if","locations":[{"start":{"line":54,"column":8},"end":{"line":54,"column":8}},{"start":{"line":54,"column":8},"end":{"line":54,"column":8}}]},"7":{"line":56,"type":"if","locations":[{"start":{"line":56,"column":8},"end":{"line":56,"column":8}},{"start":{"line":56,"column":8},"end":{"line":56,"column":8}}]},"8":{"line":59,"type":"if","locations":[{"start":{"line":59,"column":8},"end":{"line":59,"column":8}},{"start":{"line":59,"column":8},"end":{"line":59,"column":8}}]}}},"contracts\\PayToken.sol":{"l":{"10":6,"11":6},"path":"C:\\Users\\kaustubh\\Desktop\\v3\\contracts\\PayToken.sol","s":{"1":6,"2":6},"b":{},"f":{"1":18,"2":6},"fnMap":{"1":{"name":"constructor","line":7,"loc":{"start":{"line":7,"column":4},"end":{"line":8,"column":4}}},"2":{"name":"mint","line":9,"loc":{"start":{"line":9,"column":4},"end":{"line":12,"column":4}}}},"statementMap":{"1":{"start":{"line":10,"column":8},"end":{"line":10,"column":25}},"2":{"start":{"line":11,"column":8},"end":{"line":11,"column":31}}},"branchMap":{}}}