TN:
SF:C:\Users\kaustubh\Desktop\v3\contracts\Lock.sol
FN:13,constructor
FN:23,withdraw
FNF:2
FNH:0
FNDA:0,constructor
FNDA:0,withdraw
DA:14,0
DA:19,0
DA:20,0
DA:27,0
DA:28,0
DA:30,0
DA:32,0
LF:7
LH:0
BRDA:14,1,0,0
BRDA:14,1,1,0
BRDA:27,2,0,0
BRDA:27,2,1,0
BRDA:28,3,0,0
BRDA:28,3,1,0
BRF:6
BRH:0
end_of_record
TN:
SF:C:\Users\kaustubh\Desktop\v3\contracts\NFT.sol
FN:8,constructor
FN:11,mint
FNF:2
FNH:2
FNDA:18,constructor
FNDA:6,mint
DA:12,6
LF:1
LH:1
BRF:0
BRH:0
end_of_record
TN:
SF:C:\Users\kaustubh\Desktop\v3\contracts\NFTDutchAuction_ERC20Bids.sol
FN:26,constructor
FN:48,bid
FN:70,nop
FN:72,_transfer
FN:77,_transferNFT
FNF:5
FNH:5
FNDA:18,constructor
FNDA:6,bid
FNDA:9,nop
FNDA:3,_transfer
FNDA:3,_transferNFT
DA:28,18
DA:29,18
DA:30,18
DA:31,18
DA:32,18
DA:33,18
DA:34,18
DA:35,18
DA:37,18
DA:39,18
DA:40,18
DA:42,18
DA:43,18
DA:44,18
DA:50,6
DA:52,5
DA:54,4
DA:56,4
DA:59,3
DA:61,3
DA:62,3
DA:63,3
DA:64,3
DA:67,3
DA:73,3
DA:74,3
DA:78,3
LF:27
LH:27
BRDA:28,1,0,18
BRDA:28,1,1,0
BRDA:30,2,0,18
BRDA:30,2,1,0
BRDA:33,3,0,18
BRDA:33,3,1,0
BRDA:50,4,0,5
BRDA:50,4,1,1
BRDA:52,5,0,4
BRDA:52,5,1,1
BRDA:54,6,0,4
BRDA:54,6,1,0
BRDA:56,7,0,3
BRDA:56,7,1,1
BRDA:59,8,0,3
BRDA:59,8,1,0
BRF:16
BRH:11
end_of_record
TN:
SF:C:\Users\kaustubh\Desktop\v3\contracts\PayToken.sol
FN:7,constructor
FN:9,mint
FNF:2
FNH:2
FNDA:18,constructor
FNDA:6,mint
DA:10,6
DA:11,6
LF:2
LH:2
BRF:0
BRH:0
end_of_record
